{"C:\\OTHER_PROJECTS\\bee_hive_game\\src\\components\\Bee.js": {"path":"C:\\OTHER_PROJECTS\\bee_hive_game\\src\\components\\Bee.js","statementMap":{"0":{"start":{"line":2,"column":0},"end":{"line":2,"column":62}},"1":{"start":{"line":3,"column":0},"end":{"line":3,"column":21}},"2":{"start":{"line":6,"column":8},"end":{"line":6,"column":29}},"3":{"start":{"line":7,"column":8},"end":{"line":7,"column":29}},"4":{"start":{"line":8,"column":8},"end":{"line":8,"column":29}},"5":{"start":{"line":9,"column":8},"end":{"line":9,"column":25}},"6":{"start":{"line":12,"column":8},"end":{"line":12,"column":35}},"7":{"start":{"line":13,"column":8},"end":{"line":14,"column":28}},"8":{"start":{"line":14,"column":12},"end":{"line":14,"column":28}},"9":{"start":{"line":17,"column":8},"end":{"line":17,"column":31}},"10":{"start":{"line":20,"column":0},"end":{"line":20,"column":18}}},"fnMap":{"0":{"name":"(anonymous_0)","decl":{"start":{"line":5,"column":4},"end":{"line":5,"column":5}},"loc":{"start":{"line":5,"column":46},"end":{"line":10,"column":5}},"line":5},"1":{"name":"(anonymous_1)","decl":{"start":{"line":11,"column":4},"end":{"line":11,"column":5}},"loc":{"start":{"line":11,"column":17},"end":{"line":15,"column":5}},"line":11},"2":{"name":"(anonymous_2)","decl":{"start":{"line":16,"column":4},"end":{"line":16,"column":5}},"loc":{"start":{"line":16,"column":14},"end":{"line":18,"column":5}},"line":16}},"branchMap":{"0":{"loc":{"start":{"line":13,"column":8},"end":{"line":14,"column":28}},"type":"if","locations":[{"start":{"line":13,"column":8},"end":{"line":14,"column":28}},{"start":{},"end":{}}],"line":13}},"s":{"0":2,"1":2,"2":230,"3":230,"4":230,"5":230,"6":2,"7":2,"8":0,"9":56,"10":2},"f":{"0":230,"1":2,"2":56},"b":{"0":[0,2]},"inputSourceMap":null,"_coverageSchema":"1a1c01bbd47fc00a2c39e90264f33305004495a9","hash":"d8e7e491d63e093599f8e9062592aab272676059"}
,"C:\\OTHER_PROJECTS\\bee_hive_game\\src\\components\\DroneBee.js": {"path":"C:\\OTHER_PROJECTS\\bee_hive_game\\src\\components\\DroneBee.js","statementMap":{"0":{"start":{"line":2,"column":0},"end":{"line":2,"column":62}},"1":{"start":{"line":3,"column":0},"end":{"line":3,"column":26}},"2":{"start":{"line":4,"column":17},"end":{"line":4,"column":36}},"3":{"start":{"line":5,"column":22},"end":{"line":5,"column":54}},"4":{"start":{"line":6,"column":23},"end":{"line":6,"column":55}},"5":{"start":{"line":9,"column":8},"end":{"line":9,"column":116}},"6":{"start":{"line":12,"column":0},"end":{"line":12,"column":28}}},"fnMap":{"0":{"name":"(anonymous_0)","decl":{"start":{"line":8,"column":4},"end":{"line":8,"column":5}},"loc":{"start":{"line":8,"column":18},"end":{"line":10,"column":5}},"line":8}},"branchMap":{},"s":{"0":2,"1":2,"2":2,"3":2,"4":2,"5":128,"6":2},"f":{"0":128},"b":{},"inputSourceMap":null,"_coverageSchema":"1a1c01bbd47fc00a2c39e90264f33305004495a9","hash":"15a8a9bc2e22ff25bf0e662b04a35d652d6d9276"}
,"C:\\OTHER_PROJECTS\\bee_hive_game\\src\\components\\QueenBee.js": {"path":"C:\\OTHER_PROJECTS\\bee_hive_game\\src\\components\\QueenBee.js","statementMap":{"0":{"start":{"line":2,"column":0},"end":{"line":2,"column":62}},"1":{"start":{"line":3,"column":0},"end":{"line":3,"column":26}},"2":{"start":{"line":4,"column":17},"end":{"line":4,"column":36}},"3":{"start":{"line":5,"column":22},"end":{"line":5,"column":54}},"4":{"start":{"line":6,"column":23},"end":{"line":6,"column":55}},"5":{"start":{"line":9,"column":8},"end":{"line":9,"column":115}},"6":{"start":{"line":12,"column":0},"end":{"line":12,"column":28}}},"fnMap":{"0":{"name":"(anonymous_0)","decl":{"start":{"line":8,"column":4},"end":{"line":8,"column":5}},"loc":{"start":{"line":8,"column":18},"end":{"line":10,"column":5}},"line":8}},"branchMap":{},"s":{"0":2,"1":2,"2":2,"3":2,"4":2,"5":16,"6":2},"f":{"0":16},"b":{},"inputSourceMap":null,"_coverageSchema":"1a1c01bbd47fc00a2c39e90264f33305004495a9","hash":"fc923ae7c7f7e72801bc1ee41f122402f7a59e9b"}
,"C:\\OTHER_PROJECTS\\bee_hive_game\\src\\components\\Swarm.ts": {"path":"C:\\OTHER_PROJECTS\\bee_hive_game\\src\\components\\Swarm.ts","statementMap":{"0":{"start":{"line":1,"column":0},"end":{"line":1,"column":39}},"1":{"start":{"line":2,"column":0},"end":{"line":2,"column":41}},"2":{"start":{"line":3,"column":0},"end":{"line":3,"column":39}},"3":{"start":{"line":5,"column":0},"end":{"line":5,"column":29}},"4":{"start":{"line":6,"column":0},"end":{"line":6,"column":47}},"5":{"start":{"line":7,"column":0},"end":{"line":7,"column":null}},"6":{"start":{"line":17,"column":4},"end":{"line":17,"column":26}},"7":{"start":{"line":18,"column":4},"end":{"line":18,"column":25}},"8":{"start":{"line":19,"column":4},"end":{"line":19,"column":24}},"9":{"start":{"line":20,"column":4},"end":{"line":20,"column":22}},"10":{"start":{"line":23,"column":8},"end":{"line":23,"column":25}},"11":{"start":{"line":27,"column":8},"end":{"line":38,"column":11}},"12":{"start":{"line":28,"column":12},"end":{"line":30,"column":null}},"13":{"start":{"line":29,"column":16},"end":{"line":29,"column":56}},"14":{"start":{"line":31,"column":12},"end":{"line":33,"column":null}},"15":{"start":{"line":32,"column":16},"end":{"line":32,"column":55}},"16":{"start":{"line":34,"column":12},"end":{"line":36,"column":null}},"17":{"start":{"line":35,"column":16},"end":{"line":35,"column":53}},"18":{"start":{"line":37,"column":12},"end":{"line":37,"column":89}},"19":{"start":{"line":42,"column":25},"end":{"line":42,"column":39}},"20":{"start":{"line":43,"column":8},"end":{"line":43,"column":31}},"21":{"start":{"line":44,"column":8},"end":{"line":44,"column":46}},"22":{"start":{"line":45,"column":8},"end":{"line":49,"column":null}},"23":{"start":{"line":45,"column":21},"end":{"line":45,"column":22}},"24":{"start":{"line":46,"column":30},"end":{"line":46,"column":45}},"25":{"start":{"line":47,"column":12},"end":{"line":47,"column":38}},"26":{"start":{"line":48,"column":12},"end":{"line":48,"column":54}},"27":{"start":{"line":50,"column":8},"end":{"line":54,"column":null}},"28":{"start":{"line":50,"column":21},"end":{"line":50,"column":22}},"29":{"start":{"line":51,"column":29},"end":{"line":51,"column":43}},"30":{"start":{"line":52,"column":12},"end":{"line":52,"column":37}},"31":{"start":{"line":53,"column":12},"end":{"line":53,"column":52}},"32":{"start":{"line":58,"column":26},"end":{"line":58,"column":64}},"33":{"start":{"line":58,"column":50},"end":{"line":58,"column":63}},"34":{"start":{"line":59,"column":28},"end":{"line":59,"column":72}},"35":{"start":{"line":60,"column":20},"end":{"line":60,"column":42}},"36":{"start":{"line":61,"column":8},"end":{"line":61,"column":39}},"37":{"start":{"line":62,"column":8},"end":{"line":62,"column":25}},"38":{"start":{"line":64,"column":8},"end":{"line":70,"column":null}},"39":{"start":{"line":65,"column":12},"end":{"line":65,"column":51}},"40":{"start":{"line":65,"column":36},"end":{"line":65,"column":48}},"41":{"start":{"line":66,"column":12},"end":{"line":69,"column":null}},"42":{"start":{"line":72,"column":34},"end":{"line":72,"column":87}},"43":{"start":{"line":72,"column":58},"end":{"line":72,"column":86}},"44":{"start":{"line":73,"column":8},"end":{"line":78,"column":null}},"45":{"start":{"line":74,"column":12},"end":{"line":77,"column":null}},"46":{"start":{"line":80,"column":8},"end":{"line":83,"column":null}},"47":{"start":{"line":87,"column":8},"end":{"line":93,"column":null}},"48":{"start":{"line":88,"column":12},"end":{"line":92,"column":null}},"49":{"start":{"line":89,"column":16},"end":{"line":89,"column":52}},"50":{"start":{"line":91,"column":16},"end":{"line":91,"column":62}},"51":{"start":{"line":94,"column":8},"end":{"line":101,"column":null}},"52":{"start":{"line":95,"column":12},"end":{"line":99,"column":null}},"53":{"start":{"line":96,"column":16},"end":{"line":96,"column":51}},"54":{"start":{"line":98,"column":16},"end":{"line":98,"column":60}},"55":{"start":{"line":102,"column":8},"end":{"line":109,"column":null}},"56":{"start":{"line":103,"column":12},"end":{"line":107,"column":null}},"57":{"start":{"line":104,"column":16},"end":{"line":104,"column":49}},"58":{"start":{"line":106,"column":16},"end":{"line":106,"column":58}},"59":{"start":{"line":16,"column":0},"end":{"line":16,"column":13}}},"fnMap":{"0":{"name":"(anonymous_0)","decl":{"start":{"line":16,"column":0},"end":{"line":16,"column":13}},"loc":{"start":{"line":16,"column":0},"end":{"line":111,"column":1}}},"1":{"name":"(anonymous_1)","decl":{"start":{"line":22,"column":4},"end":{"line":22,"column":17}},"loc":{"start":{"line":22,"column":17},"end":{"line":24,"column":5}}},"2":{"name":"(anonymous_2)","decl":{"start":{"line":26,"column":4},"end":{"line":26,"column":17}},"loc":{"start":{"line":26,"column":38},"end":{"line":39,"column":5}}},"3":{"name":"(anonymous_3)","decl":{"start":{"line":27,"column":38},"end":{"line":27,"column":45}},"loc":{"start":{"line":27,"column":48},"end":{"line":38,"column":9}}},"4":{"name":"(anonymous_4)","decl":{"start":{"line":41,"column":4},"end":{"line":41,"column":19}},"loc":{"start":{"line":41,"column":19},"end":{"line":55,"column":5}}},"5":{"name":"(anonymous_5)","decl":{"start":{"line":57,"column":4},"end":{"line":57,"column":16}},"loc":{"start":{"line":57,"column":16},"end":{"line":84,"column":5}}},"6":{"name":"(anonymous_6)","decl":{"start":{"line":58,"column":43},"end":{"line":58,"column":46}},"loc":{"start":{"line":58,"column":50},"end":{"line":58,"column":63}}},"7":{"name":"(anonymous_7)","decl":{"start":{"line":65,"column":30},"end":{"line":65,"column":31}},"loc":{"start":{"line":65,"column":36},"end":{"line":65,"column":48}}},"8":{"name":"(anonymous_8)","decl":{"start":{"line":72,"column":51},"end":{"line":72,"column":54}},"loc":{"start":{"line":72,"column":58},"end":{"line":72,"column":86}}},"9":{"name":"(anonymous_9)","decl":{"start":{"line":86,"column":4},"end":{"line":86,"column":24}},"loc":{"start":{"line":86,"column":33},"end":{"line":110,"column":5}}}},"branchMap":{"0":{"loc":{"start":{"line":28,"column":12},"end":{"line":30,"column":null}},"type":"if","locations":[{"start":{"line":28,"column":12},"end":{"line":30,"column":null}}]},"1":{"loc":{"start":{"line":31,"column":12},"end":{"line":33,"column":null}},"type":"if","locations":[{"start":{"line":31,"column":12},"end":{"line":33,"column":null}}]},"2":{"loc":{"start":{"line":34,"column":12},"end":{"line":36,"column":null}},"type":"if","locations":[{"start":{"line":34,"column":12},"end":{"line":36,"column":null}}]},"3":{"loc":{"start":{"line":64,"column":8},"end":{"line":70,"column":null}},"type":"if","locations":[{"start":{"line":64,"column":8},"end":{"line":70,"column":null}}]},"4":{"loc":{"start":{"line":64,"column":12},"end":{"line":64,"column":40}},"type":"binary-expr","locations":[{"start":{"line":64,"column":12},"end":{"line":64,"column":22}},{"start":{"line":64,"column":26},"end":{"line":64,"column":40}}]},"5":{"loc":{"start":{"line":72,"column":58},"end":{"line":72,"column":86}},"type":"binary-expr","locations":[{"start":{"line":72,"column":58},"end":{"line":72,"column":71}},{"start":{"line":72,"column":75},"end":{"line":72,"column":86}}]},"6":{"loc":{"start":{"line":73,"column":8},"end":{"line":78,"column":null}},"type":"if","locations":[{"start":{"line":73,"column":8},"end":{"line":78,"column":null}}]},"7":{"loc":{"start":{"line":87,"column":8},"end":{"line":93,"column":null}},"type":"if","locations":[{"start":{"line":87,"column":8},"end":{"line":93,"column":null}}]},"8":{"loc":{"start":{"line":88,"column":12},"end":{"line":92,"column":null}},"type":"if","locations":[{"start":{"line":88,"column":12},"end":{"line":92,"column":null}},{"start":{"line":90,"column":19},"end":{"line":92,"column":null}}]},"9":{"loc":{"start":{"line":94,"column":8},"end":{"line":101,"column":null}},"type":"if","locations":[{"start":{"line":94,"column":8},"end":{"line":101,"column":null}}]},"10":{"loc":{"start":{"line":95,"column":12},"end":{"line":99,"column":null}},"type":"if","locations":[{"start":{"line":95,"column":12},"end":{"line":99,"column":null}},{"start":{"line":97,"column":19},"end":{"line":99,"column":null}}]},"11":{"loc":{"start":{"line":102,"column":8},"end":{"line":109,"column":null}},"type":"if","locations":[{"start":{"line":102,"column":8},"end":{"line":109,"column":null}}]},"12":{"loc":{"start":{"line":103,"column":12},"end":{"line":107,"column":null}},"type":"if","locations":[{"start":{"line":103,"column":12},"end":{"line":107,"column":null}},{"start":{"line":105,"column":19},"end":{"line":107,"column":null}}]}},"s":{"0":2,"1":2,"2":2,"3":2,"4":2,"5":2,"6":18,"7":18,"8":18,"9":18,"10":2,"11":2,"12":6,"13":2,"14":6,"15":2,"16":6,"17":2,"18":6,"19":16,"20":16,"21":16,"22":16,"23":16,"24":80,"25":80,"26":80,"27":16,"28":16,"29":128,"30":128,"31":128,"32":6,"33":34,"34":6,"35":6,"36":6,"37":6,"38":6,"39":2,"40":2,"41":2,"42":4,"43":32,"44":4,"45":2,"46":2,"47":18,"48":6,"49":4,"50":2,"51":18,"52":6,"53":2,"54":4,"55":18,"56":6,"57":4,"58":2,"59":2},"f":{"0":18,"1":2,"2":2,"3":6,"4":16,"5":6,"6":34,"7":2,"8":32,"9":18},"b":{"0":[2],"1":[2],"2":[2],"3":[2],"4":[6,2],"5":[32,30],"6":[2],"7":[6],"8":[4,2],"9":[6],"10":[2,4],"11":[6],"12":[4,2]}}
,"C:\\OTHER_PROJECTS\\bee_hive_game\\src\\components\\WorkerBee.js": {"path":"C:\\OTHER_PROJECTS\\bee_hive_game\\src\\components\\WorkerBee.js","statementMap":{"0":{"start":{"line":2,"column":0},"end":{"line":2,"column":62}},"1":{"start":{"line":3,"column":0},"end":{"line":3,"column":27}},"2":{"start":{"line":4,"column":17},"end":{"line":4,"column":36}},"3":{"start":{"line":5,"column":22},"end":{"line":5,"column":54}},"4":{"start":{"line":6,"column":23},"end":{"line":6,"column":55}},"5":{"start":{"line":9,"column":8},"end":{"line":9,"column":119}},"6":{"start":{"line":12,"column":0},"end":{"line":12,"column":30}}},"fnMap":{"0":{"name":"(anonymous_0)","decl":{"start":{"line":8,"column":4},"end":{"line":8,"column":5}},"loc":{"start":{"line":8,"column":18},"end":{"line":10,"column":5}},"line":8}},"branchMap":{},"s":{"0":2,"1":2,"2":2,"3":2,"4":2,"5":80,"6":2},"f":{"0":80},"b":{},"inputSourceMap":null,"_coverageSchema":"1a1c01bbd47fc00a2c39e90264f33305004495a9","hash":"c786b8e9e3e3754b440a1cd5f3348b1e103b2b40"}
,"C:\\OTHER_PROJECTS\\bee_hive_game\\src\\models\\BeeTypes.js": {"path":"C:\\OTHER_PROJECTS\\bee_hive_game\\src\\models\\BeeTypes.js","statementMap":{"0":{"start":{"line":2,"column":0},"end":{"line":2,"column":62}},"1":{"start":{"line":3,"column":0},"end":{"line":3,"column":26}},"2":{"start":{"line":5,"column":0},"end":{"line":9,"column":59}},"3":{"start":{"line":6,"column":4},"end":{"line":6,"column":36}},"4":{"start":{"line":7,"column":4},"end":{"line":7,"column":38}},"5":{"start":{"line":8,"column":4},"end":{"line":8,"column":36}}},"fnMap":{"0":{"name":"(anonymous_0)","decl":{"start":{"line":5,"column":1},"end":{"line":5,"column":2}},"loc":{"start":{"line":5,"column":21},"end":{"line":9,"column":1}},"line":5}},"branchMap":{"0":{"loc":{"start":{"line":9,"column":14},"end":{"line":9,"column":57}},"type":"binary-expr","locations":[{"start":{"line":9,"column":14},"end":{"line":9,"column":30}},{"start":{"line":9,"column":35},"end":{"line":9,"column":56}}],"line":9}},"s":{"0":2,"1":2,"2":2,"3":2,"4":2,"5":2},"f":{"0":2},"b":{"0":[2,2]},"inputSourceMap":null,"_coverageSchema":"1a1c01bbd47fc00a2c39e90264f33305004495a9","hash":"71ea00688d32d5af47c7f7564e309fbdb739e448"}
,"C:\\OTHER_PROJECTS\\bee_hive_game\\src\\models\\BeeTypes.ts": {"path":"C:\\OTHER_PROJECTS\\bee_hive_game\\src\\models\\BeeTypes.ts","statementMap":{"0":{"start":{"line":1,"column":0},"end":{"line":1,"column":null}},"1":{"start":{"line":2,"column":4},"end":{"line":2,"column":null}},"2":{"start":{"line":3,"column":4},"end":{"line":3,"column":null}},"3":{"start":{"line":4,"column":4},"end":{"line":4,"column":null}}},"fnMap":{"0":{"name":"(anonymous_0)","decl":{"start":{"line":1,"column":0},"end":{"line":1,"column":12}},"loc":{"start":{"line":1,"column":20},"end":{"line":5,"column":1}}}},"branchMap":{"0":{"loc":{"start":{"line":1,"column":12},"end":{"line":1,"column":null}},"type":"binary-expr","locations":[{"start":{"line":1,"column":12},"end":{"line":1,"column":20}},{"start":{"line":1,"column":12},"end":{"line":1,"column":null}}]}},"s":{"0":2,"1":2,"2":2,"3":2},"f":{"0":2},"b":{"0":[2,2]}}
,"C:\\OTHER_PROJECTS\\bee_hive_game\\src\\utils\\constants.js": {"path":"C:\\OTHER_PROJECTS\\bee_hive_game\\src\\utils\\constants.js","statementMap":{"0":{"start":{"line":2,"column":0},"end":{"line":2,"column":62}},"1":{"start":{"line":3,"column":0},"end":{"line":3,"column":252}},"2":{"start":{"line":4,"column":0},"end":{"line":4,"column":29}},"3":{"start":{"line":5,"column":0},"end":{"line":5,"column":34}},"4":{"start":{"line":6,"column":0},"end":{"line":6,"column":33}},"5":{"start":{"line":7,"column":0},"end":{"line":7,"column":27}},"6":{"start":{"line":8,"column":0},"end":{"line":8,"column":27}},"7":{"start":{"line":9,"column":0},"end":{"line":9,"column":26}},"8":{"start":{"line":10,"column":0},"end":{"line":10,"column":32}},"9":{"start":{"line":11,"column":0},"end":{"line":11,"column":34}},"10":{"start":{"line":12,"column":0},"end":{"line":12,"column":33}}},"fnMap":{},"branchMap":{},"s":{"0":2,"1":2,"2":2,"3":2,"4":2,"5":2,"6":2,"7":2,"8":2,"9":2,"10":2},"f":{},"b":{},"inputSourceMap":null,"_coverageSchema":"1a1c01bbd47fc00a2c39e90264f33305004495a9","hash":"ff8cc8368cc3deaa1f215fb23d01fed7e78be73a"}
,"C:\\OTHER_PROJECTS\\bee_hive_game\\src\\utils\\constants.ts": {"path":"C:\\OTHER_PROJECTS\\bee_hive_game\\src\\utils\\constants.ts","statementMap":{"0":{"start":{"line":1,"column":13},"end":{"line":1,"column":34}},"1":{"start":{"line":2,"column":13},"end":{"line":2,"column":47}},"2":{"start":{"line":3,"column":13},"end":{"line":3,"column":46}},"3":{"start":{"line":5,"column":13},"end":{"line":5,"column":32}},"4":{"start":{"line":6,"column":13},"end":{"line":6,"column":32}},"5":{"start":{"line":7,"column":13},"end":{"line":7,"column":31}},"6":{"start":{"line":9,"column":13},"end":{"line":9,"column":35}},"7":{"start":{"line":10,"column":13},"end":{"line":10,"column":37}},"8":{"start":{"line":11,"column":13},"end":{"line":11,"column":36}}},"fnMap":{},"branchMap":{},"s":{"0":2,"1":2,"2":2,"3":2,"4":2,"5":2,"6":2,"7":2,"8":2},"f":{},"b":{}}
}
